<?xml version="1.0" encoding="UTF-8"?>
<!-- Generated by org.testng.reporters.JUnitReportReporter -->
<testsuite hostname="INLEN8520045332" failures="0" tests="2" name="java_package.JavaFirstOne" time="44.703" errors="0" timestamp="17 Jun 2022 06:48:38 GMT" skipped="0">
  <testcase classname="java_package.JavaFirstOne" name="ThroughUrl" time="23.736"/>
  <testcase classname="java_package.JavaFirstOne" name="LocalFile" time="20.967"/>
</testsuite> <!-- java_package.JavaFirstOne -->
